<?xml version="1.0" encoding="utf-8"?><testsuites><testsuite name="pytest" errors="0" failures="2" skipped="0" tests="10" time="550.739" timestamp="2022-02-23T11:56:15.007962" hostname="da-mengs-MacBook-Pro.local"><testcase classname="TestCases.test_cart.TestCart" name="test_cart_add_item" time="76.232"><failure message="assert True is False&#10; +  where True = &lt;bound method CartPage.delete_item of &lt;PageObject.cart_page.CartPage object at 0x113b5dd30&gt;&gt;()&#10; +    where &lt;bound method CartPage.delete_item of &lt;PageObject.cart_page.CartPage object at 0x113b5dd30&gt;&gt; = &lt;PageObject.cart_page.CartPage object at 0x113b5dd30&gt;.delete_item&#10; +      where &lt;PageObject.cart_page.CartPage object at 0x113b5dd30&gt; = CartPage(&lt;selenium.webdriver.chrome.webdriver.WebDriver (session=&quot;bb76c1f1d95d6b94a9a9a8ca7ec1a03e&quot;)&gt;)">self = &lt;TestCases.test_cart.TestCart object at 0x113bbcc40&gt;
init_driver = &lt;selenium.webdriver.chrome.webdriver.WebDriver (session="bb76c1f1d95d6b94a9a9a8ca7ec1a03e")&gt;

    @pytest.mark.usefixtures('init_driver')
    def test_cart_add_item(self, init_driver):
        '''
        添加商品到购物车后删除商品
        :return:
        '''
&gt;       assert CartPage(init_driver).delete_item() is False
E       assert True is False
E        +  where True = &lt;bound method CartPage.delete_item of &lt;PageObject.cart_page.CartPage object at 0x113b5dd30&gt;&gt;()
E        +    where &lt;bound method CartPage.delete_item of &lt;PageObject.cart_page.CartPage object at 0x113b5dd30&gt;&gt; = &lt;PageObject.cart_page.CartPage object at 0x113b5dd30&gt;.delete_item
E        +      where &lt;PageObject.cart_page.CartPage object at 0x113b5dd30&gt; = CartPage(&lt;selenium.webdriver.chrome.webdriver.WebDriver (session="bb76c1f1d95d6b94a9a9a8ca7ec1a03e")&gt;)

TestCases/test_cart.py:27: AssertionError</failure></testcase><testcase classname="TestCases.test_home.TestHome" name="test_home_yml" time="32.233" /><testcase classname="TestCases.test_home.TestHome" name="test_home_search" time="17.847" /><testcase classname="TestCases.test_itmes.TestItmes" name="test_comment" time="106.065"><failure message="selenium.common.exceptions.TimeoutException: Message:">self = &lt;TestCases.test_itmes.TestItmes object at 0x113b5daf0&gt;
init_driver = &lt;selenium.webdriver.chrome.webdriver.WebDriver (session="7883939844fcde857b937361e63785c2")&gt;

    @pytest.mark.smoke  # 运行特殊的用例
    @pytest.mark.usefixtures("init_driver")
    def test_comment(self, init_driver):
        '''
        查看商品评论展示是否正常
        :param init_driver: 用例的前置与后置
        :return:
        '''
&gt;       assert ItemPage(init_driver).item_comment() is True

TestCases/test_itmes.py:29: 
_ _ _ _ _ _ _ _ _ _ _ _ _ _ _ _ _ _ _ _ _ _ _ _ _ _ _ _ _ _ _ _ _ _ _ _ _ _ _ _ 
PageObject/items_page.py:64: in item_comment
    self.ele_click(ItemLocators.comment_items_list, '点击评论商品进入详情页')
common/basepage.py:87: in ele_click
    self.wait_ele_visible(loc, img_doc, time_out, poll_frequency)
common/basepage.py:42: in wait_ele_visible
    WebDriverWait(self.driver, time_out, poll_frequency).until(EC.visibility_of_element_located(loc))
_ _ _ _ _ _ _ _ _ _ _ _ _ _ _ _ _ _ _ _ _ _ _ _ _ _ _ _ _ _ _ _ _ _ _ _ _ _ _ _ 

self = &lt;selenium.webdriver.support.wait.WebDriverWait (session="7883939844fcde857b937361e63785c2")&gt;
method = &lt;selenium.webdriver.support.expected_conditions.visibility_of_element_located object at 0x113d50e50&gt;
message = ''

    def until(self, method, message=''):
        """Calls the method provided with the driver as an argument until the \
        return value is not False."""
        screen = None
        stacktrace = None
    
        end_time = time.time() + self._timeout
        while True:
            try:
                value = method(self._driver)
                if value:
                    return value
            except self._ignored_exceptions as exc:
                screen = getattr(exc, 'screen', None)
                stacktrace = getattr(exc, 'stacktrace', None)
            time.sleep(self._poll)
            if time.time() &gt; end_time:
                break
&gt;       raise TimeoutException(message, screen, stacktrace)
E       selenium.common.exceptions.TimeoutException: Message:

/Library/Frameworks/Python.framework/Versions/3.9/lib/python3.9/site-packages/selenium/webdriver/support/wait.py:80: TimeoutException</failure></testcase><testcase classname="TestCases.test_itmes.TestItmes" name="test_size" time="24.349" /><testcase classname="TestCases.test_login.Testlogin" name="test_login_success" time="22.555" /><testcase classname="TestCases.test_order.TestOrder" name="test_us_guest_adyen_order" time="51.222" /><testcase classname="TestCases.test_order.TestOrder" name="test_us_guest_paypal_order" time="65.295" /><testcase classname="TestCases.test_order.TestOrder" name="test_us_user_adyen_order" time="63.009" /><testcase classname="TestCases.test_order.TestOrder" name="test_gb_user_adyen_order" time="69.952" /></testsuite></testsuites>