<?xml version="1.0" encoding="utf-8"?><testsuites><testsuite name="pytest" errors="0" failures="7" skipped="0" tests="10" time="1257.593" timestamp="2022-02-22T16:19:37.582500" hostname="da-mengs-MacBook-Pro.local"><testcase classname="TestCases.test_cart.TestCart" name="test_cart_add_item" time="90.047"><failure message="selenium.common.exceptions.ElementClickInterceptedException: Message: element click intercepted: Element &lt;p color=&quot;accent&quot; class=&quot;sc-AxgMl dXoEDO&quot;&gt;...&lt;/p&gt; is not clickable at point (345, 22). Other element would receive the click: &lt;div direction=&quot;left&quot; class=&quot;sc-fzoNJl kUaIZx&quot;&gt;...&lt;/div&gt;&#10;  (Session info: chrome=98.0.4758.102)&#10;  (Driver info: chromedriver=97.0.4692.71 (adefa7837d02a07a604c1e6eff0b3a09422ab88d-refs/branch-heads/4692@{#1247}),platform=Mac OS X 10.14.6 x86_64)">self = &lt;TestCases.test_cart.TestCart object at 0x10efe2f10&gt;
init_driver = &lt;selenium.webdriver.chrome.webdriver.WebDriver (session="168163b133482f48855a91e5120a3df7")&gt;

    @pytest.mark.usefixtures('init_driver')
    def test_cart_add_item(self, init_driver):
        '''
        添加商品到购物车后删除商品
        :return:
        '''
&gt;       assert CartPage(init_driver).delete_item() is False

TestCases/test_cart.py:27: 
_ _ _ _ _ _ _ _ _ _ _ _ _ _ _ _ _ _ _ _ _ _ _ _ _ _ _ _ _ _ _ _ _ _ _ _ _ _ _ _ 
PageObject/cart_page.py:38: in delete_item
    self.ele_click(CartLocators.cart_update_button, '购物车列表编辑按钮')
common/basepage.py:85: in ele_click
    self.driver.find_element(*loc).click()
/Library/Frameworks/Python.framework/Versions/3.9/lib/python3.9/site-packages/selenium/webdriver/remote/webelement.py:80: in click
    self._execute(Command.CLICK_ELEMENT)
/Library/Frameworks/Python.framework/Versions/3.9/lib/python3.9/site-packages/selenium/webdriver/remote/webelement.py:633: in _execute
    return self._parent.execute(command, params)
/Library/Frameworks/Python.framework/Versions/3.9/lib/python3.9/site-packages/selenium/webdriver/remote/webdriver.py:321: in execute
    self.error_handler.check_response(response)
_ _ _ _ _ _ _ _ _ _ _ _ _ _ _ _ _ _ _ _ _ _ _ _ _ _ _ _ _ _ _ _ _ _ _ _ _ _ _ _ 

self = &lt;selenium.webdriver.remote.errorhandler.ErrorHandler object at 0x10efe2700&gt;
response = {'sessionId': '168163b133482f48855a91e5120a3df7', 'status': 64, 'value': {'message': 'element click intercepted: Eleme....4692.71 (adefa7837d02a07a604c1e6eff0b3a09422ab88d-refs/branch-heads/4692@{#1247}),platform=Mac OS X 10.14.6 x86_64)'}}

    def check_response(self, response):
        """
        Checks that a JSON response from the WebDriver does not have an error.
    
        :Args:
         - response - The JSON response from the WebDriver server as a dictionary
           object.
    
        :Raises: If the response contains an error message.
        """
        status = response.get('status', None)
        if status is None or status == ErrorCode.SUCCESS:
            return
        value = None
        message = response.get("message", "")
        screen = response.get("screen", "")
        stacktrace = None
        if isinstance(status, int):
            value_json = response.get('value', None)
            if value_json and isinstance(value_json, basestring):
                import json
                try:
                    value = json.loads(value_json)
                    if len(value.keys()) == 1:
                        value = value['value']
                    status = value.get('error', None)
                    if status is None:
                        status = value["status"]
                        message = value["value"]
                        if not isinstance(message, basestring):
                            value = message
                            message = message.get('message')
                    else:
                        message = value.get('message', None)
                except ValueError:
                    pass
    
        exception_class = ErrorInResponseException
        if status in ErrorCode.NO_SUCH_ELEMENT:
            exception_class = NoSuchElementException
        elif status in ErrorCode.NO_SUCH_FRAME:
            exception_class = NoSuchFrameException
        elif status in ErrorCode.NO_SUCH_WINDOW:
            exception_class = NoSuchWindowException
        elif status in ErrorCode.STALE_ELEMENT_REFERENCE:
            exception_class = StaleElementReferenceException
        elif status in ErrorCode.ELEMENT_NOT_VISIBLE:
            exception_class = ElementNotVisibleException
        elif status in ErrorCode.INVALID_ELEMENT_STATE:
            exception_class = InvalidElementStateException
        elif status in ErrorCode.INVALID_SELECTOR \
                or status in ErrorCode.INVALID_XPATH_SELECTOR \
                or status in ErrorCode.INVALID_XPATH_SELECTOR_RETURN_TYPER:
            exception_class = InvalidSelectorException
        elif status in ErrorCode.ELEMENT_IS_NOT_SELECTABLE:
            exception_class = ElementNotSelectableException
        elif status in ErrorCode.ELEMENT_NOT_INTERACTABLE:
            exception_class = ElementNotInteractableException
        elif status in ErrorCode.INVALID_COOKIE_DOMAIN:
            exception_class = InvalidCookieDomainException
        elif status in ErrorCode.UNABLE_TO_SET_COOKIE:
            exception_class = UnableToSetCookieException
        elif status in ErrorCode.TIMEOUT:
            exception_class = TimeoutException
        elif status in ErrorCode.SCRIPT_TIMEOUT:
            exception_class = TimeoutException
        elif status in ErrorCode.UNKNOWN_ERROR:
            exception_class = WebDriverException
        elif status in ErrorCode.UNEXPECTED_ALERT_OPEN:
            exception_class = UnexpectedAlertPresentException
        elif status in ErrorCode.NO_ALERT_OPEN:
            exception_class = NoAlertPresentException
        elif status in ErrorCode.IME_NOT_AVAILABLE:
            exception_class = ImeNotAvailableException
        elif status in ErrorCode.IME_ENGINE_ACTIVATION_FAILED:
            exception_class = ImeActivationFailedException
        elif status in ErrorCode.MOVE_TARGET_OUT_OF_BOUNDS:
            exception_class = MoveTargetOutOfBoundsException
        elif status in ErrorCode.JAVASCRIPT_ERROR:
            exception_class = JavascriptException
        elif status in ErrorCode.SESSION_NOT_CREATED:
            exception_class = SessionNotCreatedException
        elif status in ErrorCode.INVALID_ARGUMENT:
            exception_class = InvalidArgumentException
        elif status in ErrorCode.NO_SUCH_COOKIE:
            exception_class = NoSuchCookieException
        elif status in ErrorCode.UNABLE_TO_CAPTURE_SCREEN:
            exception_class = ScreenshotException
        elif status in ErrorCode.ELEMENT_CLICK_INTERCEPTED:
            exception_class = ElementClickInterceptedException
        elif status in ErrorCode.INSECURE_CERTIFICATE:
            exception_class = InsecureCertificateException
        elif status in ErrorCode.INVALID_COORDINATES:
            exception_class = InvalidCoordinatesException
        elif status in ErrorCode.INVALID_SESSION_ID:
            exception_class = InvalidSessionIdException
        elif status in ErrorCode.UNKNOWN_METHOD:
            exception_class = UnknownMethodException
        else:
            exception_class = WebDriverException
        if value == '' or value is None:
            value = response['value']
        if isinstance(value, basestring):
            if exception_class == ErrorInResponseException:
                raise exception_class(response, value)
            raise exception_class(value)
        if message == "" and 'message' in value:
            message = value['message']
    
        screen = None
        if 'screen' in value:
            screen = value['screen']
    
        stacktrace = None
        if 'stackTrace' in value and value['stackTrace']:
            stacktrace = []
            try:
                for frame in value['stackTrace']:
                    line = self._value_or_default(frame, 'lineNumber', '')
                    file = self._value_or_default(frame, 'fileName', '&lt;anonymous&gt;')
                    if line:
                        file = "%s:%s" % (file, line)
                    meth = self._value_or_default(frame, 'methodName', '&lt;anonymous&gt;')
                    if 'className' in frame:
                        meth = "%s.%s" % (frame['className'], meth)
                    msg = "    at %s (%s)"
                    msg = msg % (meth, file)
                    stacktrace.append(msg)
            except TypeError:
                pass
        if exception_class == ErrorInResponseException:
            raise exception_class(response, message)
        elif exception_class == UnexpectedAlertPresentException:
            alert_text = None
            if 'data' in value:
                alert_text = value['data'].get('text')
            elif 'alert' in value:
                alert_text = value['alert'].get('text')
            raise exception_class(message, screen, stacktrace, alert_text)
&gt;       raise exception_class(message, screen, stacktrace)
E       selenium.common.exceptions.ElementClickInterceptedException: Message: element click intercepted: Element &lt;p color="accent" class="sc-AxgMl dXoEDO"&gt;...&lt;/p&gt; is not clickable at point (345, 22). Other element would receive the click: &lt;div direction="left" class="sc-fzoNJl kUaIZx"&gt;...&lt;/div&gt;
E         (Session info: chrome=98.0.4758.102)
E         (Driver info: chromedriver=97.0.4692.71 (adefa7837d02a07a604c1e6eff0b3a09422ab88d-refs/branch-heads/4692@{#1247}),platform=Mac OS X 10.14.6 x86_64)

/Library/Frameworks/Python.framework/Versions/3.9/lib/python3.9/site-packages/selenium/webdriver/remote/errorhandler.py:242: ElementClickInterceptedException</failure></testcase><testcase classname="TestCases.test_home.TestHome" name="test_home_yml" time="21.285" /><testcase classname="TestCases.test_home.TestHome" name="test_home_search" time="19.723" /><testcase classname="TestCases.test_itmes.TestItmes" name="test_buy_also_buy" time="107.717"><failure message="selenium.common.exceptions.TimeoutException: Message:">self = &lt;TestCases.test_itmes.TestItmes object at 0x10efe7c40&gt;
init_driver = &lt;selenium.webdriver.chrome.webdriver.WebDriver (session="1be80e3d07b3195e809bec997ea8b56c")&gt;

    @pytest.mark.smoke #运行特殊的用例
    @pytest.mark.usefixtures("init_driver")
    def test_buy_also_buy(self, init_driver):
        '''
        查看商品buy_also_buy展示是否正常
        :param init_driver: 用例的前置与后置
        :return:
        '''
&gt;       assert ItemPage(init_driver).buy_also_buy() is True

TestCases/test_itmes.py:19: 
_ _ _ _ _ _ _ _ _ _ _ _ _ _ _ _ _ _ _ _ _ _ _ _ _ _ _ _ _ _ _ _ _ _ _ _ _ _ _ _ 
PageObject/items_page.py:25: in buy_also_buy
    self.ele_click(ItemLocators.buy_itmes_list, '点击buy_also_buy商品进入详情页')
common/basepage.py:84: in ele_click
    self.wait_ele_visible(loc, img_doc, time_out, poll_frequency)
common/basepage.py:39: in wait_ele_visible
    WebDriverWait(self.driver, time_out, poll_frequency).until(EC.visibility_of_element_located(loc))
_ _ _ _ _ _ _ _ _ _ _ _ _ _ _ _ _ _ _ _ _ _ _ _ _ _ _ _ _ _ _ _ _ _ _ _ _ _ _ _ 

self = &lt;selenium.webdriver.support.wait.WebDriverWait (session="1be80e3d07b3195e809bec997ea8b56c")&gt;
method = &lt;selenium.webdriver.support.expected_conditions.visibility_of_element_located object at 0x10efe43a0&gt;
message = ''

    def until(self, method, message=''):
        """Calls the method provided with the driver as an argument until the \
        return value is not False."""
        screen = None
        stacktrace = None
    
        end_time = time.time() + self._timeout
        while True:
            try:
                value = method(self._driver)
                if value:
                    return value
            except self._ignored_exceptions as exc:
                screen = getattr(exc, 'screen', None)
                stacktrace = getattr(exc, 'stacktrace', None)
            time.sleep(self._poll)
            if time.time() &gt; end_time:
                break
&gt;       raise TimeoutException(message, screen, stacktrace)
E       selenium.common.exceptions.TimeoutException: Message:

/Library/Frameworks/Python.framework/Versions/3.9/lib/python3.9/site-packages/selenium/webdriver/support/wait.py:80: TimeoutException</failure></testcase><testcase classname="TestCases.test_itmes.TestItmes" name="test_comment" time="109.491"><failure message="selenium.common.exceptions.TimeoutException: Message:">self = &lt;TestCases.test_itmes.TestItmes object at 0x10efe27f0&gt;
init_driver = &lt;selenium.webdriver.chrome.webdriver.WebDriver (session="2a17527172898d699c2a633b196a7f45")&gt;

    @pytest.mark.smoke  # 运行特殊的用例
    @pytest.mark.usefixtures("init_driver")
    def test_comment(self, init_driver):
        '''
        查看商品评论展示是否正常
        :param init_driver: 用例的前置与后置
        :return:
        '''
&gt;       assert ItemPage(init_driver).item_comment() is True

TestCases/test_itmes.py:29: 
_ _ _ _ _ _ _ _ _ _ _ _ _ _ _ _ _ _ _ _ _ _ _ _ _ _ _ _ _ _ _ _ _ _ _ _ _ _ _ _ 
PageObject/items_page.py:62: in item_comment
    self.ele_click(ItemLocators.comment_items_list, '点击评论商品进入详情页')
common/basepage.py:84: in ele_click
    self.wait_ele_visible(loc, img_doc, time_out, poll_frequency)
common/basepage.py:39: in wait_ele_visible
    WebDriverWait(self.driver, time_out, poll_frequency).until(EC.visibility_of_element_located(loc))
_ _ _ _ _ _ _ _ _ _ _ _ _ _ _ _ _ _ _ _ _ _ _ _ _ _ _ _ _ _ _ _ _ _ _ _ _ _ _ _ 

self = &lt;selenium.webdriver.support.wait.WebDriverWait (session="2a17527172898d699c2a633b196a7f45")&gt;
method = &lt;selenium.webdriver.support.expected_conditions.visibility_of_element_located object at 0x10f298e50&gt;
message = ''

    def until(self, method, message=''):
        """Calls the method provided with the driver as an argument until the \
        return value is not False."""
        screen = None
        stacktrace = None
    
        end_time = time.time() + self._timeout
        while True:
            try:
                value = method(self._driver)
                if value:
                    return value
            except self._ignored_exceptions as exc:
                screen = getattr(exc, 'screen', None)
                stacktrace = getattr(exc, 'stacktrace', None)
            time.sleep(self._poll)
            if time.time() &gt; end_time:
                break
&gt;       raise TimeoutException(message, screen, stacktrace)
E       selenium.common.exceptions.TimeoutException: Message:

/Library/Frameworks/Python.framework/Versions/3.9/lib/python3.9/site-packages/selenium/webdriver/support/wait.py:80: TimeoutException</failure></testcase><testcase classname="TestCases.test_itmes.TestItmes" name="test_size" time="26.254" /><testcase classname="TestCases.test_login.Testlogin" name="test_login_success" time="111.765"><failure message="assert False is True&#10; +  where False = &lt;bound method HomePage.if_homepage_exist of &lt;PageObject.home_page.HomePage object at 0x10f382970&gt;&gt;()&#10; +    where &lt;bound method HomePage.if_homepage_exist of &lt;PageObject.home_page.HomePage object at 0x10f382970&gt;&gt; = &lt;PageObject.home_page.HomePage object at 0x10f382970&gt;.if_homepage_exist&#10; +      where &lt;PageObject.home_page.HomePage object at 0x10f382970&gt; = HomePage(&lt;selenium.webdriver.chrome.webdriver.WebDriver (session=&quot;a482f5e1e749ab1f7bdbe938097b5786&quot;)&gt;)">self = &lt;TestCases.test_login.Testlogin object at 0x10fce2ca0&gt;
init_driver = &lt;selenium.webdriver.chrome.webdriver.WebDriver (session="a482f5e1e749ab1f7bdbe938097b5786")&gt;

    @pytest.mark.smoke #运行特殊的用例
    @pytest.mark.usefixtures("init_driver")
    def test_login_success(self, init_driver):
        '''
        邮箱注册用例
        :param init_driver: 用例的前置与后置
        :return:
        '''
        LoginPage(init_driver).email_ragister_pass(roanom_eamil(), '123456')
&gt;       assert HomePage(init_driver).if_homepage_exist() is True
E       assert False is True
E        +  where False = &lt;bound method HomePage.if_homepage_exist of &lt;PageObject.home_page.HomePage object at 0x10f382970&gt;&gt;()
E        +    where &lt;bound method HomePage.if_homepage_exist of &lt;PageObject.home_page.HomePage object at 0x10f382970&gt;&gt; = &lt;PageObject.home_page.HomePage object at 0x10f382970&gt;.if_homepage_exist
E        +      where &lt;PageObject.home_page.HomePage object at 0x10f382970&gt; = HomePage(&lt;selenium.webdriver.chrome.webdriver.WebDriver (session="a482f5e1e749ab1f7bdbe938097b5786")&gt;)

TestCases/test_login.py:21: AssertionError</failure></testcase><testcase classname="TestCases.test_order.TestOrder" name="test_us_guest_adyen_order" time="156.859"><failure message="assert None is True&#10; +  where None = &lt;bound method OrderPage.US_adyen_guest_order of &lt;PageObject.order_page.OrderPage object at 0x10f281520&gt;&gt;()&#10; +    where &lt;bound method OrderPage.US_adyen_guest_order of &lt;PageObject.order_page.OrderPage object at 0x10f281520&gt;&gt; = &lt;PageObject.order_page.OrderPage object at 0x10f281520&gt;.US_adyen_guest_order&#10; +      where &lt;PageObject.order_page.OrderPage object at 0x10f281520&gt; = OrderPage(&lt;selenium.webdriver.chrome.webdriver.WebDriver (session=&quot;9b714a7bc11078b5d5eb348db9e0de54&quot;)&gt;)">self = &lt;TestCases.test_order.TestOrder object at 0x10efe4190&gt;
init_driver = &lt;selenium.webdriver.chrome.webdriver.WebDriver (session="9b714a7bc11078b5d5eb348db9e0de54")&gt;

    @pytest.mark.usefixtures('init_driver')
    def test_us_guest_adyen_order(self,init_driver):
        '''
            美国未登录用户adyen下单用例
        '''
&gt;       assert OrderPage(init_driver).US_adyen_guest_order() is True
E       assert None is True
E        +  where None = &lt;bound method OrderPage.US_adyen_guest_order of &lt;PageObject.order_page.OrderPage object at 0x10f281520&gt;&gt;()
E        +    where &lt;bound method OrderPage.US_adyen_guest_order of &lt;PageObject.order_page.OrderPage object at 0x10f281520&gt;&gt; = &lt;PageObject.order_page.OrderPage object at 0x10f281520&gt;.US_adyen_guest_order
E        +      where &lt;PageObject.order_page.OrderPage object at 0x10f281520&gt; = OrderPage(&lt;selenium.webdriver.chrome.webdriver.WebDriver (session="9b714a7bc11078b5d5eb348db9e0de54")&gt;)

TestCases/test_order.py:18: AssertionError</failure></testcase><testcase classname="TestCases.test_order.TestOrder" name="test_us_guest_paypal_order" time="235.867"><failure message="TypeError: find_element() takes from 1 to 3 positional arguments but 40 were given">self = &lt;PageObject.order_page.OrderPage object at 0x10f34c580&gt;

    def guest_paypal_order(self):
        '''
        paypal未登录用户下单
        :return:
        '''
        self.driver.get(CommonData.Common_url.site_url + 'US/zh-Hans/item/9981835')
        self.ele_click(ItemLocators.item_add_cart_button, '商品详情页点击加购按钮')
        self.ele_click(ItemLocators.item_add_on_button, '选择商品后点击确认按钮')
        self.ele_click(ItemLocators.item_shopping_cart_button, '商品详情点击购物车按钮')
        self.ele_click(CartLocators.cart_settlement, '购物车列表选择测品去结算')
        self.input_text(AddressLocators.address_name_iuput, '订单页面添加地址姓名输入', 'test')
        self.input_text(AddressLocators.address_mobileNumber_iuput, '订单页面添加地址手机号输入', '123456')
        self.input_text(AddressLocators.addres_street_input, '订单页面添加地址街道输入', 'Orr')
        self.input_text(AddressLocators.addres_city_input, '订单页面添加地址城市输入', 'Dall')
        self.ele_click(AddressLocators.addres_provinceSelect_choose, '订单页面添加地址省选择')
        self.ele_click(AddressLocators.addres_US_provinceSelect, '订单页面添加地址选择指定的省')
        self.input_text(AddressLocators.addres_postcode_input, '订单页面添加地址输入邮编', '11111')
        self.input_text(AddressLocators.addres_email_input, '订单页面添加地址输入邮箱', 'jiaming.yang@cloudmall.ai')
        self.ele_click(AddressLocators.addres_save_button, '订单页面地址保存按钮')
        self.ele_click(AddressLocators.addres_confirm_popups, '订单页面保存地址二次确认')
        self.ele_click(CouponLocators.order_coupon_exchange_button, '订单页面点击优惠券兑换')
        self.input_text(CouponLocators.order_coupon_input, '订单页面优惠券兑换码输入框', 'testyjm141')
        self.ele_click(CouponLocators.order_coupon_confirm, '订单页面输入优惠券兑换码后点击兑换按钮')
        self.ele_click(CouponLocators.order_eie_coupon, '订单页面优惠券兑换成功后确定按钮')
        self.ele_click(CouponLocators.order_choose_coupon, '订单页面选择对应的优惠券')
        time.sleep(3)
        self.slide(0, -1000, '提交订单页面向上滑动')
        amount = self.driver.find_element_by_xpath(OrderLocators.order_US_amount).text
        if float(amount[1:]) &gt; 0.01 and float(amount[1:]) &lt; 1.00:
            self.slide(0, 1000, '提交订单页面向下滑动')
            self.ele_click(OrderLocators.order_paypal_pay, '订单页面选择paypal支付方式支付')
            self.ele_click(OrderLocators.continue_order_button, 'paypal确定支付')
            self.wait_ele_visible(OrderLocators.paypal_email, '等待paypal登录页面账号输入框出现')
            self.input_text(OrderLocators.paypal_email, 'paypal登录页面账号输入', 'paypal-buyer@momoso.com')
            self.ele_click(OrderLocators.paypal_Next_step_button, 'paypal输入账号后点击下一步按钮')
            self.input_text(OrderLocators.paypal_password, 'paypal登录页面密码输入', 'Fynv4k38')
            self.ele_click(OrderLocators.paypal_login_button, 'paypal登录页面登录按钮')
            self.slide(0, 1000, 'paypal支付页面向下滑动')
            self.wait_ele_visible(OrderLocators.pay_now_button, 'paypal支付页面等待支付按钮出现')
            self.ele_click(OrderLocators.pay_now_button, '点击订单页面提交订单按钮')
            try:
                self.wait_ele_visible(OrderLocators.pay_merchant_button, 'paypal支付页面等待确认支付按钮出现')
            except:
                try:
                    self.wait_ele_visible(OrderLocators.guest_order_coupon, '等待支付成功后优惠券弹窗出现')
                except:
                    self.wait_ele_visible(OrderLocators.order_number, 'paypal支付后等待订单号出现')
                    order_code = self.driver.find_element_by_xpath(OrderLocators.order_number).text
                    do_log.info(order_code[1:])
                    return True
                else:
                    self.ele_click(OrderLocators.guest_order_coupon, '支付成功后优惠券弹窗关闭按钮')
                    self.wait_ele_visible(OrderLocators.order_number, 'paypal支付后等待订单号出现')
                    order_code = self.driver.find_element_by_xpath(OrderLocators.order_number).text
                    do_log.info(order_code[1:])
                    return True
            else:
                self.slide(0, 1000, 'paypal确认支付页面向下滑动')
                self.ele_click(OrderLocators.pay_merchant_button, 'paypal支付页面点击二次确认支付按钮')
                try:
&gt;                   self.wait_ele_visible(OrderLocators.guest_order_coupon, '等待支付成功后优惠券弹窗出现')

PageObject/order_page.py:197: 
_ _ _ _ _ _ _ _ _ _ _ _ _ _ _ _ _ _ _ _ _ _ _ _ _ _ _ _ _ _ _ _ _ _ _ _ _ _ _ _ 

self = &lt;PageObject.order_page.OrderPage object at 0x10f34c580&gt;
loc = ('xpath', '//*[text()="放弃优惠"]'), img_doc = '等待支付成功后优惠券弹窗出现', time_out = 20
poll_frequency = 0.5

    def wait_ele_visible(self, loc, img_doc, time_out=20, poll_frequency=0.5):
        '''
        等待元素可见，默认等待时间为20秒，默认每隔0.5秒刷新一次
        :param loc: 查找的元素
        :param img_doc: 页面的名称
        :param time_out: 等待的时长
        :param poll_frequency: 刷新的时长
        :return:
        '''
        do_log.info("{}等待{}元素可见".format(img_doc, loc))
        new_time = datetime.datetime.now()  # 开始等待时间
        start_time = new_time.strftime("%Y--%m--%d %H:%M:%S")
        do_log.info("{}等待开始时间{}:".format(img_doc, start_time))
        try:
&gt;           WebDriverWait(self.driver, time_out, poll_frequency).until(EC.visibility_of_element_located(loc))

common/basepage.py:39: 
_ _ _ _ _ _ _ _ _ _ _ _ _ _ _ _ _ _ _ _ _ _ _ _ _ _ _ _ _ _ _ _ _ _ _ _ _ _ _ _ 

self = &lt;selenium.webdriver.support.wait.WebDriverWait (session="074350e504ff509547d2c66c62ce765e")&gt;
method = &lt;selenium.webdriver.support.expected_conditions.visibility_of_element_located object at 0x10fcd2730&gt;
message = ''

    def until(self, method, message=''):
        """Calls the method provided with the driver as an argument until the \
        return value is not False."""
        screen = None
        stacktrace = None
    
        end_time = time.time() + self._timeout
        while True:
            try:
                value = method(self._driver)
                if value:
                    return value
            except self._ignored_exceptions as exc:
                screen = getattr(exc, 'screen', None)
                stacktrace = getattr(exc, 'stacktrace', None)
            time.sleep(self._poll)
            if time.time() &gt; end_time:
                break
&gt;       raise TimeoutException(message, screen, stacktrace)
E       selenium.common.exceptions.TimeoutException: Message:

/Library/Frameworks/Python.framework/Versions/3.9/lib/python3.9/site-packages/selenium/webdriver/support/wait.py:80: TimeoutException

During handling of the above exception, another exception occurred:

self = &lt;TestCases.test_order.TestOrder object at 0x10f25a580&gt;
init_driver = &lt;selenium.webdriver.chrome.webdriver.WebDriver (session="074350e504ff509547d2c66c62ce765e")&gt;

    @pytest.mark.usefixtures('init_driver')
    def test_us_guest_paypal_order(self, init_driver):
        '''
            美国未登录用户paypal下单用例
        '''
&gt;       assert OrderPage(init_driver).US_paypal_guest_order() is True

TestCases/test_order.py:27: 
_ _ _ _ _ _ _ _ _ _ _ _ _ _ _ _ _ _ _ _ _ _ _ _ _ _ _ _ _ _ _ _ _ _ _ _ _ _ _ _ 
PageObject/order_page.py:418: in US_paypal_guest_order
    return self.guest_paypal_order()
PageObject/order_page.py:199: in guest_paypal_order
    self.wait_ele_visible(OrderLocators.order_number, 'paypal支付后等待订单号出现')
common/basepage.py:39: in wait_ele_visible
    WebDriverWait(self.driver, time_out, poll_frequency).until(EC.visibility_of_element_located(loc))
/Library/Frameworks/Python.framework/Versions/3.9/lib/python3.9/site-packages/selenium/webdriver/support/wait.py:71: in until
    value = method(self._driver)
/Library/Frameworks/Python.framework/Versions/3.9/lib/python3.9/site-packages/selenium/webdriver/support/expected_conditions.py:128: in __call__
    return _element_if_visible(_find_element(driver, self.locator))
_ _ _ _ _ _ _ _ _ _ _ _ _ _ _ _ _ _ _ _ _ _ _ _ _ _ _ _ _ _ _ _ _ _ _ _ _ _ _ _ 

driver = &lt;selenium.webdriver.chrome.webdriver.WebDriver (session="074350e504ff509547d2c66c62ce765e")&gt;
by = '//*[text()="支付成功"]/following-sibling::p'

    def _find_element(driver, by):
        """Looks up an element. Logs and re-raises ``WebDriverException``
        if thrown."""
        try:
&gt;           return driver.find_element(*by)
E           TypeError: find_element() takes from 1 to 3 positional arguments but 40 were given

/Library/Frameworks/Python.framework/Versions/3.9/lib/python3.9/site-packages/selenium/webdriver/support/expected_conditions.py:411: TypeError</failure></testcase><testcase classname="TestCases.test_order.TestOrder" name="test_us_user_adyen_order" time="187.470"><failure message="selenium.common.exceptions.TimeoutException: Message:">self = &lt;PageObject.order_page.OrderPage object at 0x10f1fefd0&gt;
user_eamil = '932427@qq.com', user_password = '123456', user_name = 'yjm'

    def US_adyen_user_order(self, user_eamil, user_password, user_name='yjm'):
        '''
        美国已登录用户adyen支付方式下单
        :return:
        '''
        self.wait_ele_visible(HomeLocators.home_menu, '首页菜单按钮')
        self.ele_click(HomeLocators.home_menu, '点击首页菜单按钮')
        self.ele_click(LoginLocators.login_or_register_button, '点击首页登录注册按钮')
        time.sleep(1)
        self.ele_click(LoginLocators.email_button, '选择邮箱注册')
        self.input_text(LoginLocators.email_enter, '邮箱注册输入框', user_eamil)
        self.ele_click(LoginLocators.email_ragister_button, '输入邮箱后的注册按钮')
        self.input_text(LoginLocators.name_enter, '邮箱注册姓名输入框', user_name)
        self.input_text(LoginLocators.password_enter, '邮箱注册密码输入框', user_password)
        self.ele_click(LoginLocators.save_button, '邮箱注册输入完所填的信息后的保存按钮')
        time.sleep(3)
        try:
&gt;           self.wait_ele_visible(HomeLocators.newcomer_coupons, '首页检查新人优惠券出现')

PageObject/order_page.py:437: 
_ _ _ _ _ _ _ _ _ _ _ _ _ _ _ _ _ _ _ _ _ _ _ _ _ _ _ _ _ _ _ _ _ _ _ _ _ _ _ _ 

self = &lt;PageObject.order_page.OrderPage object at 0x10f1fefd0&gt;
loc = ('xpath', '//*[@id="root"]/div/div/div/div[2]/div[2]/div/div/div/div/div/p')
img_doc = '首页检查新人优惠券出现', time_out = 20, poll_frequency = 0.5

    def wait_ele_visible(self, loc, img_doc, time_out=20, poll_frequency=0.5):
        '''
        等待元素可见，默认等待时间为20秒，默认每隔0.5秒刷新一次
        :param loc: 查找的元素
        :param img_doc: 页面的名称
        :param time_out: 等待的时长
        :param poll_frequency: 刷新的时长
        :return:
        '''
        do_log.info("{}等待{}元素可见".format(img_doc, loc))
        new_time = datetime.datetime.now()  # 开始等待时间
        start_time = new_time.strftime("%Y--%m--%d %H:%M:%S")
        do_log.info("{}等待开始时间{}:".format(img_doc, start_time))
        try:
&gt;           WebDriverWait(self.driver, time_out, poll_frequency).until(EC.visibility_of_element_located(loc))

common/basepage.py:39: 
_ _ _ _ _ _ _ _ _ _ _ _ _ _ _ _ _ _ _ _ _ _ _ _ _ _ _ _ _ _ _ _ _ _ _ _ _ _ _ _ 

self = &lt;selenium.webdriver.support.wait.WebDriverWait (session="fa5db2c91fc2706452aa085323689591")&gt;
method = &lt;selenium.webdriver.support.expected_conditions.visibility_of_element_located object at 0x10f2025b0&gt;
message = ''

    def until(self, method, message=''):
        """Calls the method provided with the driver as an argument until the \
        return value is not False."""
        screen = None
        stacktrace = None
    
        end_time = time.time() + self._timeout
        while True:
            try:
                value = method(self._driver)
                if value:
                    return value
            except self._ignored_exceptions as exc:
                screen = getattr(exc, 'screen', None)
                stacktrace = getattr(exc, 'stacktrace', None)
            time.sleep(self._poll)
            if time.time() &gt; end_time:
                break
&gt;       raise TimeoutException(message, screen, stacktrace)
E       selenium.common.exceptions.TimeoutException: Message:

/Library/Frameworks/Python.framework/Versions/3.9/lib/python3.9/site-packages/selenium/webdriver/support/wait.py:80: TimeoutException

During handling of the above exception, another exception occurred:

self = &lt;TestCases.test_order.TestOrder object at 0x10f3b3a90&gt;
init_driver = &lt;selenium.webdriver.chrome.webdriver.WebDriver (session="fa5db2c91fc2706452aa085323689591")&gt;

    @pytest.mark.usefixtures('init_driver')
    def test_us_user_adyen_order(self, init_driver):
        '''
            美国已登录用户adyen下单用例
        '''
&gt;       assert OrderPage(init_driver).US_adyen_user_order(roanom_eamil(),'123456') is True

TestCases/test_order.py:34: 
_ _ _ _ _ _ _ _ _ _ _ _ _ _ _ _ _ _ _ _ _ _ _ _ _ _ _ _ _ _ _ _ _ _ _ _ _ _ _ _ 
PageObject/order_page.py:439: in US_adyen_user_order
    self.ele_click(HomeLocators.newcomer_coupons, '首页关闭新人优惠券')
common/basepage.py:84: in ele_click
    self.wait_ele_visible(loc, img_doc, time_out, poll_frequency)
common/basepage.py:39: in wait_ele_visible
    WebDriverWait(self.driver, time_out, poll_frequency).until(EC.visibility_of_element_located(loc))
_ _ _ _ _ _ _ _ _ _ _ _ _ _ _ _ _ _ _ _ _ _ _ _ _ _ _ _ _ _ _ _ _ _ _ _ _ _ _ _ 

self = &lt;selenium.webdriver.support.wait.WebDriverWait (session="fa5db2c91fc2706452aa085323689591")&gt;
method = &lt;selenium.webdriver.support.expected_conditions.visibility_of_element_located object at 0x10f202df0&gt;
message = ''

    def until(self, method, message=''):
        """Calls the method provided with the driver as an argument until the \
        return value is not False."""
        screen = None
        stacktrace = None
    
        end_time = time.time() + self._timeout
        while True:
            try:
                value = method(self._driver)
                if value:
                    return value
            except self._ignored_exceptions as exc:
                screen = getattr(exc, 'screen', None)
                stacktrace = getattr(exc, 'stacktrace', None)
            time.sleep(self._poll)
            if time.time() &gt; end_time:
                break
&gt;       raise TimeoutException(message, screen, stacktrace)
E       selenium.common.exceptions.TimeoutException: Message:

/Library/Frameworks/Python.framework/Versions/3.9/lib/python3.9/site-packages/selenium/webdriver/support/wait.py:80: TimeoutException</failure></testcase><testcase time="62.977" /></testsuite></testsuites>